2022-12-13T09:06:01+00:00 ERROR Key Id and Key Secret are required.
2022-12-13T09:06:01+00:00 INFO getRazorpayPaymentParams 616
2022-12-13T09:06:01+00:00 INFO createOrGetRazorpayOrderId 616 and is1ccCheckout is set to no
2022-12-13T09:06:01+00:00 INFO Called createOrGetRazorpayOrderId with params orderId 616 and is_magic_checkout_order is set to no
2022-12-13T09:06:01+00:00 INFO razorpayOrderId  | sessionKey razorpay_order_id616
2022-12-13T09:06:01+00:00 INFO Called createRazorpayOrderId with params orderId 616 and sessionKey razorpay_order_id616
2022-12-13T09:06:01+00:00 INFO Called getOrderCreationData with params orderId 616
2022-12-13T09:06:01+00:00 INFO Called getOrderCreationData with params orderId 616 and is1ccOrder is set to no
2022-12-13T09:06:01+00:00 INFO For order 616
2022-12-13T09:06:01+00:00 INFO {"receipt":616,"amount":500000,"currency":"INR","payment_capture":1,"app_offer":0,"notes":{"woocommerce_order_number":"616"}}
2022-12-13T09:06:36+00:00 ERROR The api key provided is invalid
2022-12-13T09:06:51+00:00 ERROR The api key provided is invalid
2022-12-13T09:07:07+00:00 ERROR The api key provided is invalid
2022-12-13T09:07:35+00:00 ERROR The api key provided is invalid
2022-12-13T09:08:22+00:00 ERROR The api key provided is invalid
2022-12-13T09:10:21+00:00 ERROR The api key provided is invalid
2022-12-13T09:11:41+00:00 ERROR The api key provided is invalid
2022-12-13T09:12:03+00:00 ERROR The api key provided is invalid
2022-12-13T09:12:08+00:00 ERROR The api key provided is invalid
2022-12-13T09:12:14+00:00 ERROR The api key provided is invalid
2022-12-13T09:12:20+00:00 ERROR The api key provided is invalid
2022-12-13T09:12:28+00:00 ERROR The api key provided is invalid
2022-12-13T09:12:36+00:00 ERROR The api key provided is invalid
2022-12-13T09:12:53+00:00 ERROR The api key provided is invalid
2022-12-13T09:12:56+00:00 ERROR The api key provided is invalid
2022-12-13T09:13:01+00:00 ERROR The api key provided is invalid
2022-12-13T09:13:54+00:00 ERROR The api key provided is invalid
2022-12-13T09:13:56+00:00 ERROR The api key provided is invalid
2022-12-13T09:14:03+00:00 ERROR The api key provided is invalid
2022-12-13T09:14:05+00:00 ERROR The api key provided is invalid
2022-12-13T09:14:50+00:00 ERROR The api key provided is invalid
2022-12-13T09:14:55+00:00 ERROR The api key provided is invalid
2022-12-13T09:15:02+00:00 ERROR The api key provided is invalid
2022-12-13T09:15:24+00:00 ERROR The api key provided is invalid
2022-12-13T09:16:13+00:00 ERROR The api key provided is invalid
2022-12-13T09:16:25+00:00 ERROR The api key provided is invalid
2022-12-13T09:16:32+00:00 ERROR The api key provided is invalid
2022-12-13T09:16:37+00:00 ERROR The api key provided is invalid
2022-12-13T09:17:18+00:00 ERROR The api key provided is invalid
2022-12-13T09:18:29+00:00 ERROR The api key provided is invalid
2022-12-13T09:18:47+00:00 ERROR The api key provided is invalid
2022-12-13T09:18:53+00:00 ERROR The api key provided is invalid
2022-12-13T09:19:00+00:00 ERROR The api key provided is invalid
2022-12-13T09:20:41+00:00 ERROR The api key provided is invalid
2022-12-13T09:20:41+00:00 ERROR Key Id and Key Secret are required.
2022-12-13T09:20:49+00:00 ERROR Please provide secret for authentication
2022-12-13T09:21:09+00:00 ERROR Please provide secret for authentication
2022-12-13T09:21:16+00:00 ERROR Please provide secret for authentication
2022-12-13T09:21:38+00:00 ERROR Please provide secret for authentication
2022-12-13T09:21:49+00:00 ERROR Please provide secret for authentication
2022-12-13T09:22:21+00:00 ERROR Please provide secret for authentication
2022-12-13T09:22:39+00:00 ERROR Please provide secret for authentication
2022-12-13T09:23:43+00:00 ERROR Please provide secret for authentication
2022-12-13T09:23:43+00:00 ERROR Please provide secret for authentication
2022-12-13T09:25:25+00:00 ERROR Please provide secret for authentication
2022-12-13T09:25:26+00:00 ERROR Please provide secret for authentication
2022-12-13T09:26:50+00:00 ERROR Please provide secret for authentication
2022-12-13T09:26:52+00:00 ERROR Please provide secret for authentication
2022-12-13T09:27:02+00:00 ERROR Please provide secret for authentication
2022-12-13T09:27:22+00:00 ERROR Please provide secret for authentication
2022-12-13T09:27:54+00:00 ERROR Please provide secret for authentication
2022-12-13T09:28:05+00:00 ERROR Please provide secret for authentication
2022-12-13T09:28:15+00:00 ERROR Please provide secret for authentication
2022-12-13T09:28:52+00:00 ERROR Please provide secret for authentication
2022-12-13T09:29:34+00:00 INFO Called process_payment with params order_id 616
2022-12-13T09:29:34+00:00 INFO Set transient with key razorpay_wc_order_id params order_id 616
2022-12-13T09:29:36+00:00 INFO getRazorpayPaymentParams 616
2022-12-13T09:29:36+00:00 INFO createOrGetRazorpayOrderId 616 and is1ccCheckout is set to no
2022-12-13T09:29:36+00:00 INFO Called createOrGetRazorpayOrderId with params orderId 616 and is_magic_checkout_order is set to no
2022-12-13T09:29:36+00:00 INFO razorpayOrderId  | sessionKey razorpay_order_id616
2022-12-13T09:29:36+00:00 INFO Called createRazorpayOrderId with params orderId 616 and sessionKey razorpay_order_id616
2022-12-13T09:29:36+00:00 INFO Called getOrderCreationData with params orderId 616
2022-12-13T09:29:36+00:00 INFO Called getOrderCreationData with params orderId 616 and is1ccOrder is set to no
2022-12-13T09:29:36+00:00 INFO For order 616
2022-12-13T09:29:36+00:00 INFO {"receipt":616,"amount":500000,"currency":"INR","payment_capture":1,"app_offer":0,"notes":{"woocommerce_order_number":"616"}}
2022-12-13T09:29:52+00:00 ERROR Please provide secret for authentication
2022-12-13T09:47:04+00:00 ERROR Please provide secret for authentication
2022-12-13T09:48:58+00:00 ERROR Please provide secret for authentication
2022-12-13T12:42:38+00:00 ERROR Please provide secret for authentication
2022-12-13T12:42:54+00:00 ERROR Please provide secret for authentication
2022-12-13T12:42:56+00:00 ERROR Please provide secret for authentication
