02-12-2023 @ 23:06:16 - 5.3.1 upgrade complete from Subscriptions v5.1.0 while WooCommerce WC_VERSION 7.1.1 and database version 7.1.1 was active.
02-12-2023 @ 23:06:16 - Environment info:
02-12-2023 @ 23:06:16 -     WordPress Version : 6.1.1
02-12-2023 @ 23:06:16 - Active Plugins:
02-12-2023 @ 23:06:16 -     All in One SEO Pro by All in One SEO Team – 4.2.3.1
02-12-2023 @ 23:06:16 -     All-in-One WP Migration by ServMask – 7.70
02-12-2023 @ 23:06:16 -     Classic Editor by WordPress Contributors – 1.6.2
02-12-2023 @ 23:06:16 -     Simple Custom CSS and JS by SilkyPress.com – 3.41
02-12-2023 @ 23:06:16 -     Elementor Pro by Elementor.com – 3.7.2
02-12-2023 @ 23:06:16 -     Elementor by Elementor.com – 3.5.6
02-12-2023 @ 23:06:16 -     Essential Addons for Elementor - Pro by WPDeveloper – 5.1.3
02-12-2023 @ 23:06:16 -     Essential Addons for Elementor by WPDeveloper – 5.5.1
02-12-2023 @ 23:06:16 -     Everest Forms by WPEverest – 1.9.6
02-12-2023 @ 23:06:16 -     Ocean Extra by OceanWP – 2.0.6
02-12-2023 @ 23:06:16 -     Templately by Templately – 2.0.4
02-12-2023 @ 23:06:16 -     Tour Booking Manager For Woocommerce by MagePeople Team – 1.4.2
02-12-2023 @ 23:06:16 -     Razorpay for WooCommerce by Team Razorpay – 4.3.5
02-12-2023 @ 23:06:16 -     WooCommerce Payments by Automattic – 5.4.0
02-12-2023 @ 23:06:16 -     WooCommerce by Automattic – 7.1.1
02-12-2023 @ 23:06:16 -     WP Rollback by GiveWP.com – 1.7.2
02-12-2023 @ 23:06:16 -     WP Travel by WP Travel – 6.1.1
